<?xml version="1.0" encoding="UTF-8"?>
<!-- Generated by org.testng.reporters.JUnitReportReporter -->
<testsuite hostname="Lavanya_HP" failures="0" tests="1" name="Tests.NotificationMessage" time="0.960" errors="0" timestamp="2022-09-11T16:49:17 EDT" skipped="0">
  <testcase classname="Tests.NotificationMessage" name="Contestmen" time="0.960"/>
  <system-out/>
</testsuite> <!-- Tests.NotificationMessage -->
