<?xml version="1.0" encoding="UTF-8"?>
<!-- Generated by org.testng.reporters.JUnitReportReporter -->
<testsuite hostname="Lavanya_HP" failures="0" tests="1" name="Tests.CheckboxTest" time="0.233" errors="0" timestamp="2022-09-11T18:23:50 EDT" skipped="0">
  <testcase classname="Tests.CheckboxTest" name="Chcktest" time="0.233"/>
  <system-out/>
</testsuite> <!-- Tests.CheckboxTest -->
