<?xml version="1.0" encoding="UTF-8"?>
<!-- Generated by org.testng.reporters.JUnitReportReporter -->
<testsuite hostname="Lavanya_HP" failures="0" tests="1" name="Tests.DynamicContent" time="0.831" errors="0" timestamp="2022-09-09T17:07:58 EDT" skipped="0">
  <testcase classname="Tests.DynamicContent" name="Contestmen" time="0.831"/>
  <system-out/>
</testsuite> <!-- Tests.DynamicContent -->
