<?xml version="1.0" encoding="UTF-8"?>
<!-- Generated by org.testng.reporters.JUnitReportReporter -->
<testsuite hostname="Lavanya_HP" failures="0" tests="1" name="Tests.FloatingMenu" time="5.221" errors="0" timestamp="2022-09-09T12:32:00 EDT" skipped="0">
  <testcase classname="Tests.FloatingMenu" name="Contestmen" time="5.221"/>
  <system-out/>
</testsuite> <!-- Tests.FloatingMenu -->
