<?xml version="1.0" encoding="UTF-8"?>
<!-- Generated by org.testng.reporters.JUnitReportReporter -->
<testsuite hostname="Lavanya_HP" failures="0" tests="1" name="Tests.DynamicLoadingTest" time="5.535" errors="0" timestamp="2022-09-11T18:23:50 EDT" skipped="0">
  <testcase classname="Tests.DynamicLoadingTest" name="Contestmen" time="5.535"/>
  <system-out/>
</testsuite> <!-- Tests.DynamicLoadingTest -->
