<?xml version="1.0" encoding="UTF-8"?>
<!-- Generated by org.testng.reporters.JUnitReportReporter -->
<testsuite hostname="Lavanya_HP" failures="0" tests="1" name="Tests.MouseHoverTest" time="0.282" errors="0" timestamp="2022-09-11T18:23:51 EDT" skipped="0">
  <testcase classname="Tests.MouseHoverTest" name="Contestmen" time="0.282"/>
  <system-out/>
</testsuite> <!-- Tests.MouseHoverTest -->
